Determining if the pthread_create exist failed with the following output:
Change Dir: /home/radio/gnuradio/gr-gpredict_doppler/build/CMakeFiles/CMakeTmp

Run Build Command:"/usr/bin/make" "cmTC_6ab12/fast"
/usr/bin/make -f CMakeFiles/cmTC_6ab12.dir/build.make CMakeFiles/cmTC_6ab12.dir/build
make[1]: Entering directory '/home/radio/gnuradio/gr-gpredict_doppler/build/CMakeFiles/CMakeTmp'
Building C object CMakeFiles/cmTC_6ab12.dir/CheckSymbolExists.c.o
/usr/bin/cc   -std=gnu11 -o CMakeFiles/cmTC_6ab12.dir/CheckSymbolExists.c.o   -c /home/radio/gnuradio/gr-gpredict_doppler/build/CMakeFiles/CMakeTmp/CheckSymbolExists.c
Linking C executable cmTC_6ab12
/usr/bin/cmake -E cmake_link_script CMakeFiles/cmTC_6ab12.dir/link.txt --verbose=1
/usr/bin/cc      CMakeFiles/cmTC_6ab12.dir/CheckSymbolExists.c.o  -o cmTC_6ab12 
CMakeFiles/cmTC_6ab12.dir/CheckSymbolExists.c.o: In function `main':
CheckSymbolExists.c:(.text+0x1b): undefined reference to `pthread_create'
collect2: error: ld returned 1 exit status
CMakeFiles/cmTC_6ab12.dir/build.make:97: recipe for target 'cmTC_6ab12' failed
make[1]: *** [cmTC_6ab12] Error 1
make[1]: Leaving directory '/home/radio/gnuradio/gr-gpredict_doppler/build/CMakeFiles/CMakeTmp'
Makefile:126: recipe for target 'cmTC_6ab12/fast' failed
make: *** [cmTC_6ab12/fast] Error 2

File /home/radio/gnuradio/gr-gpredict_doppler/build/CMakeFiles/CMakeTmp/CheckSymbolExists.c:
/* */
#include <pthread.h>

int main(int argc, char** argv)
{
  (void)argv;
#ifndef pthread_create
  return ((int*)(&pthread_create))[argc];
#else
  (void)argc;
  return 0;
#endif
}

Determining if the function pthread_create exists in the pthreads failed with the following output:
Change Dir: /home/radio/gnuradio/gr-gpredict_doppler/build/CMakeFiles/CMakeTmp

Run Build Command:"/usr/bin/make" "cmTC_c8bad/fast"
/usr/bin/make -f CMakeFiles/cmTC_c8bad.dir/build.make CMakeFiles/cmTC_c8bad.dir/build
make[1]: Entering directory '/home/radio/gnuradio/gr-gpredict_doppler/build/CMakeFiles/CMakeTmp'
Building C object CMakeFiles/cmTC_c8bad.dir/CheckFunctionExists.c.o
/usr/bin/cc   -DCHECK_FUNCTION_EXISTS=pthread_create   -std=gnu11 -o CMakeFiles/cmTC_c8bad.dir/CheckFunctionExists.c.o   -c /usr/share/cmake-3.10/Modules/CheckFunctionExists.c
Linking C executable cmTC_c8bad
/usr/bin/cmake -E cmake_link_script CMakeFiles/cmTC_c8bad.dir/link.txt --verbose=1
/usr/bin/cc  -DCHECK_FUNCTION_EXISTS=pthread_create    CMakeFiles/cmTC_c8bad.dir/CheckFunctionExists.c.o  -o cmTC_c8bad -lpthreads 
/usr/bin/ld: cannot find -lpthreads
collect2: error: ld returned 1 exit status
CMakeFiles/cmTC_c8bad.dir/build.make:97: recipe for target 'cmTC_c8bad' failed
make[1]: *** [cmTC_c8bad] Error 1
make[1]: Leaving directory '/home/radio/gnuradio/gr-gpredict_doppler/build/CMakeFiles/CMakeTmp'
Makefile:126: recipe for target 'cmTC_c8bad/fast' failed
make: *** [cmTC_c8bad/fast] Error 2


